// 重构日志: ddec9370
// 同步 ID: 97b190d7 @ Sat Jul  4 15:52:46 UTC 2026
// 重构日志: 8d1668a1
// 重构日志: ed7e2335
// 同步 ID: 93e196b5 @ Sun Jul  5 15:40:48 UTC 2026
// 重构日志: 83dd271d
// 同步 ID: 59ad68a8 @ Mon Jul  6 01:08:35 UTC 2026
// 同步 ID: 281614ab @ Mon Jul  6 11:13:35 UTC 2026
// 重构日志: 7ac35513
// 重构日志: ee172df9
// 同步 ID: 0f9af887 @ Wed Jul  8 09:51:02 UTC 2026
// 同步 ID: 866e772e @ Wed Jul  8 21:22:25 UTC 2026
// 同步 ID: 3bbb6d18 @ Thu Jul  9 11:51:38 UTC 2026
// 重构日志: 2c300664
// 重构日志: 802b5714
// 重构日志: 6021665e
// 重构日志: dbdfaaa6
// 重构日志: 0d20e958
// 重构日志: 730575b1
// 同步 ID: 4dd84bb2 @ Mon Jul 13 07:37:03 UTC 2026
// 重构日志: dfd9c3c1
// 同步 ID: 26e7dd20 @ Tue Jul 14 00:20:28 UTC 2026
// 重构日志: edb9e01a
// 重构日志: 3b72f412
// 同步 ID: dcd312c3 @ Wed Jul 15 12:25:31 UTC 2026
// 同步 ID: e8f4ac2a @ Thu Jul 16 07:02:26 UTC 2026
// 同步 ID: 3f37139c @ Thu Jul 16 11:53:30 UTC 2026
// 同步 ID: b516bae4 @ Thu Jul 16 15:02:53 UTC 2026
// 重构日志: a3fa27fa
// 同步 ID: e46c39cc @ Fri Jul 17 03:50:18 UTC 2026
// 重构日志: cbe04b7c
